ARM GAS  C:\Users\benny\AppData\Local\Temp\ccgrYJTS.s 			page 1


   1              		.cpu cortex-m7
   2              		.arch armv7e-m
   3              		.fpu fpv5-sp-d16
   4              		.eabi_attribute 27, 1
   5              		.eabi_attribute 28, 1
   6              		.eabi_attribute 20, 1
   7              		.eabi_attribute 21, 1
   8              		.eabi_attribute 23, 3
   9              		.eabi_attribute 24, 1
  10              		.eabi_attribute 25, 1
  11              		.eabi_attribute 26, 1
  12              		.eabi_attribute 30, 1
  13              		.eabi_attribute 34, 1
  14              		.eabi_attribute 18, 4
  15              		.file	"stm32f7xx_it.c"
  16              		.text
  17              	.Ltext0:
  18              		.cfi_sections	.debug_frame
  19              		.file 1 "Core/Src/stm32f7xx_it.c"
  20              		.section	.text.NMI_Handler,"ax",%progbits
  21              		.align	1
  22              		.global	NMI_Handler
  23              		.syntax unified
  24              		.thumb
  25              		.thumb_func
  27              	NMI_Handler:
  28              	.LFB141:
   1:Core/Src/stm32f7xx_it.c **** /* USER CODE BEGIN Header */
   2:Core/Src/stm32f7xx_it.c **** /**
   3:Core/Src/stm32f7xx_it.c ****   ******************************************************************************
   4:Core/Src/stm32f7xx_it.c ****   * @file    stm32f7xx_it.c
   5:Core/Src/stm32f7xx_it.c ****   * @brief   Interrupt Service Routines.
   6:Core/Src/stm32f7xx_it.c ****   ******************************************************************************
   7:Core/Src/stm32f7xx_it.c ****   * @attention
   8:Core/Src/stm32f7xx_it.c ****   *
   9:Core/Src/stm32f7xx_it.c ****   * Copyright (c) 2024 STMicroelectronics.
  10:Core/Src/stm32f7xx_it.c ****   * All rights reserved.
  11:Core/Src/stm32f7xx_it.c ****   *
  12:Core/Src/stm32f7xx_it.c ****   * This software is licensed under terms that can be found in the LICENSE file
  13:Core/Src/stm32f7xx_it.c ****   * in the root directory of this software component.
  14:Core/Src/stm32f7xx_it.c ****   * If no LICENSE file comes with this software, it is provided AS-IS.
  15:Core/Src/stm32f7xx_it.c ****   *
  16:Core/Src/stm32f7xx_it.c ****   ******************************************************************************
  17:Core/Src/stm32f7xx_it.c ****   */
  18:Core/Src/stm32f7xx_it.c **** /* USER CODE END Header */
  19:Core/Src/stm32f7xx_it.c **** 
  20:Core/Src/stm32f7xx_it.c **** /* Includes ------------------------------------------------------------------*/
  21:Core/Src/stm32f7xx_it.c **** #include "main.h"
  22:Core/Src/stm32f7xx_it.c **** #include "stm32f7xx_it.h"
  23:Core/Src/stm32f7xx_it.c **** /* Private includes ----------------------------------------------------------*/
  24:Core/Src/stm32f7xx_it.c **** /* USER CODE BEGIN Includes */
  25:Core/Src/stm32f7xx_it.c **** /* USER CODE END Includes */
  26:Core/Src/stm32f7xx_it.c **** 
  27:Core/Src/stm32f7xx_it.c **** /* Private typedef -----------------------------------------------------------*/
  28:Core/Src/stm32f7xx_it.c **** /* USER CODE BEGIN TD */
  29:Core/Src/stm32f7xx_it.c **** 
  30:Core/Src/stm32f7xx_it.c **** /* USER CODE END TD */
ARM GAS  C:\Users\benny\AppData\Local\Temp\ccgrYJTS.s 			page 2


  31:Core/Src/stm32f7xx_it.c **** 
  32:Core/Src/stm32f7xx_it.c **** /* Private define ------------------------------------------------------------*/
  33:Core/Src/stm32f7xx_it.c **** /* USER CODE BEGIN PD */
  34:Core/Src/stm32f7xx_it.c **** 
  35:Core/Src/stm32f7xx_it.c **** /* USER CODE END PD */
  36:Core/Src/stm32f7xx_it.c **** 
  37:Core/Src/stm32f7xx_it.c **** /* Private macro -------------------------------------------------------------*/
  38:Core/Src/stm32f7xx_it.c **** /* USER CODE BEGIN PM */
  39:Core/Src/stm32f7xx_it.c **** 
  40:Core/Src/stm32f7xx_it.c **** /* USER CODE END PM */
  41:Core/Src/stm32f7xx_it.c **** 
  42:Core/Src/stm32f7xx_it.c **** /* Private variables ---------------------------------------------------------*/
  43:Core/Src/stm32f7xx_it.c **** /* USER CODE BEGIN PV */
  44:Core/Src/stm32f7xx_it.c **** 
  45:Core/Src/stm32f7xx_it.c **** /* USER CODE END PV */
  46:Core/Src/stm32f7xx_it.c **** 
  47:Core/Src/stm32f7xx_it.c **** /* Private function prototypes -----------------------------------------------*/
  48:Core/Src/stm32f7xx_it.c **** /* USER CODE BEGIN PFP */
  49:Core/Src/stm32f7xx_it.c **** 
  50:Core/Src/stm32f7xx_it.c **** /* USER CODE END PFP */
  51:Core/Src/stm32f7xx_it.c **** 
  52:Core/Src/stm32f7xx_it.c **** /* Private user code ---------------------------------------------------------*/
  53:Core/Src/stm32f7xx_it.c **** /* USER CODE BEGIN 0 */
  54:Core/Src/stm32f7xx_it.c **** 
  55:Core/Src/stm32f7xx_it.c **** /* USER CODE END 0 */
  56:Core/Src/stm32f7xx_it.c **** 
  57:Core/Src/stm32f7xx_it.c **** /* External variables --------------------------------------------------------*/
  58:Core/Src/stm32f7xx_it.c **** extern HCD_HandleTypeDef hhcd_USB_OTG_FS;
  59:Core/Src/stm32f7xx_it.c **** extern HCD_HandleTypeDef hhcd_USB_OTG_HS;
  60:Core/Src/stm32f7xx_it.c **** extern ADC_HandleTypeDef hadc1;
  61:Core/Src/stm32f7xx_it.c **** extern ADC_HandleTypeDef hadc2;
  62:Core/Src/stm32f7xx_it.c **** extern ADC_HandleTypeDef hadc3;
  63:Core/Src/stm32f7xx_it.c **** extern TIM_HandleTypeDef htim5;
  64:Core/Src/stm32f7xx_it.c **** extern TIM_HandleTypeDef htim1;
  65:Core/Src/stm32f7xx_it.c **** 
  66:Core/Src/stm32f7xx_it.c **** /* USER CODE BEGIN EV */
  67:Core/Src/stm32f7xx_it.c **** 
  68:Core/Src/stm32f7xx_it.c **** /* USER CODE END EV */
  69:Core/Src/stm32f7xx_it.c **** 
  70:Core/Src/stm32f7xx_it.c **** /******************************************************************************/
  71:Core/Src/stm32f7xx_it.c **** /*           Cortex-M7 Processor Interruption and Exception Handlers          */
  72:Core/Src/stm32f7xx_it.c **** /******************************************************************************/
  73:Core/Src/stm32f7xx_it.c **** /**
  74:Core/Src/stm32f7xx_it.c ****   * @brief This function handles Non maskable interrupt.
  75:Core/Src/stm32f7xx_it.c ****   */
  76:Core/Src/stm32f7xx_it.c **** void NMI_Handler(void)
  77:Core/Src/stm32f7xx_it.c **** {
  29              		.loc 1 77 1 view -0
  30              		.cfi_startproc
  31              		@ Volatile: function does not return.
  32              		@ args = 0, pretend = 0, frame = 0
  33              		@ frame_needed = 0, uses_anonymous_args = 0
  34              		@ link register save eliminated.
  35              	.L2:
  78:Core/Src/stm32f7xx_it.c ****   /* USER CODE BEGIN NonMaskableInt_IRQn 0 */
  79:Core/Src/stm32f7xx_it.c **** 
  80:Core/Src/stm32f7xx_it.c ****   /* USER CODE END NonMaskableInt_IRQn 0 */
ARM GAS  C:\Users\benny\AppData\Local\Temp\ccgrYJTS.s 			page 3


  81:Core/Src/stm32f7xx_it.c ****   /* USER CODE BEGIN NonMaskableInt_IRQn 1 */
  82:Core/Src/stm32f7xx_it.c ****    while (1)
  36              		.loc 1 82 4 discriminator 1 view .LVU1
  83:Core/Src/stm32f7xx_it.c ****   {
  84:Core/Src/stm32f7xx_it.c ****   }
  37              		.loc 1 84 3 discriminator 1 view .LVU2
  82:Core/Src/stm32f7xx_it.c ****   {
  38              		.loc 1 82 10 discriminator 1 view .LVU3
  39 0000 FEE7     		b	.L2
  40              		.cfi_endproc
  41              	.LFE141:
  43              		.section	.text.HardFault_Handler,"ax",%progbits
  44              		.align	1
  45              		.global	HardFault_Handler
  46              		.syntax unified
  47              		.thumb
  48              		.thumb_func
  50              	HardFault_Handler:
  51              	.LFB142:
  85:Core/Src/stm32f7xx_it.c ****   /* USER CODE END NonMaskableInt_IRQn 1 */
  86:Core/Src/stm32f7xx_it.c **** }
  87:Core/Src/stm32f7xx_it.c **** 
  88:Core/Src/stm32f7xx_it.c **** /**
  89:Core/Src/stm32f7xx_it.c ****   * @brief This function handles Hard fault interrupt.
  90:Core/Src/stm32f7xx_it.c ****   */
  91:Core/Src/stm32f7xx_it.c **** void HardFault_Handler(void)
  92:Core/Src/stm32f7xx_it.c **** {
  52              		.loc 1 92 1 view -0
  53              		.cfi_startproc
  54              		@ Volatile: function does not return.
  55              		@ args = 0, pretend = 0, frame = 0
  56              		@ frame_needed = 0, uses_anonymous_args = 0
  57              		@ link register save eliminated.
  58              	.L4:
  93:Core/Src/stm32f7xx_it.c ****   /* USER CODE BEGIN HardFault_IRQn 0 */
  94:Core/Src/stm32f7xx_it.c **** 
  95:Core/Src/stm32f7xx_it.c ****   /* USER CODE END HardFault_IRQn 0 */
  96:Core/Src/stm32f7xx_it.c ****   while (1)
  59              		.loc 1 96 3 discriminator 1 view .LVU5
  97:Core/Src/stm32f7xx_it.c ****   {
  98:Core/Src/stm32f7xx_it.c ****     /* USER CODE BEGIN W1_HardFault_IRQn 0 */
  99:Core/Src/stm32f7xx_it.c ****     /* USER CODE END W1_HardFault_IRQn 0 */
 100:Core/Src/stm32f7xx_it.c ****   }
  60              		.loc 1 100 3 discriminator 1 view .LVU6
  96:Core/Src/stm32f7xx_it.c ****   {
  61              		.loc 1 96 9 discriminator 1 view .LVU7
  62 0000 FEE7     		b	.L4
  63              		.cfi_endproc
  64              	.LFE142:
  66              		.section	.text.MemManage_Handler,"ax",%progbits
  67              		.align	1
  68              		.global	MemManage_Handler
  69              		.syntax unified
  70              		.thumb
  71              		.thumb_func
  73              	MemManage_Handler:
  74              	.LFB143:
ARM GAS  C:\Users\benny\AppData\Local\Temp\ccgrYJTS.s 			page 4


 101:Core/Src/stm32f7xx_it.c **** }
 102:Core/Src/stm32f7xx_it.c **** 
 103:Core/Src/stm32f7xx_it.c **** /**
 104:Core/Src/stm32f7xx_it.c ****   * @brief This function handles Memory management fault.
 105:Core/Src/stm32f7xx_it.c ****   */
 106:Core/Src/stm32f7xx_it.c **** void MemManage_Handler(void)
 107:Core/Src/stm32f7xx_it.c **** {
  75              		.loc 1 107 1 view -0
  76              		.cfi_startproc
  77              		@ Volatile: function does not return.
  78              		@ args = 0, pretend = 0, frame = 0
  79              		@ frame_needed = 0, uses_anonymous_args = 0
  80              		@ link register save eliminated.
  81              	.L6:
 108:Core/Src/stm32f7xx_it.c ****   /* USER CODE BEGIN MemoryManagement_IRQn 0 */
 109:Core/Src/stm32f7xx_it.c **** 
 110:Core/Src/stm32f7xx_it.c ****   /* USER CODE END MemoryManagement_IRQn 0 */
 111:Core/Src/stm32f7xx_it.c ****   while (1)
  82              		.loc 1 111 3 discriminator 1 view .LVU9
 112:Core/Src/stm32f7xx_it.c ****   {
 113:Core/Src/stm32f7xx_it.c ****     /* USER CODE BEGIN W1_MemoryManagement_IRQn 0 */
 114:Core/Src/stm32f7xx_it.c ****     /* USER CODE END W1_MemoryManagement_IRQn 0 */
 115:Core/Src/stm32f7xx_it.c ****   }
  83              		.loc 1 115 3 discriminator 1 view .LVU10
 111:Core/Src/stm32f7xx_it.c ****   {
  84              		.loc 1 111 9 discriminator 1 view .LVU11
  85 0000 FEE7     		b	.L6
  86              		.cfi_endproc
  87              	.LFE143:
  89              		.section	.text.BusFault_Handler,"ax",%progbits
  90              		.align	1
  91              		.global	BusFault_Handler
  92              		.syntax unified
  93              		.thumb
  94              		.thumb_func
  96              	BusFault_Handler:
  97              	.LFB144:
 116:Core/Src/stm32f7xx_it.c **** }
 117:Core/Src/stm32f7xx_it.c **** 
 118:Core/Src/stm32f7xx_it.c **** /**
 119:Core/Src/stm32f7xx_it.c ****   * @brief This function handles Pre-fetch fault, memory access fault.
 120:Core/Src/stm32f7xx_it.c ****   */
 121:Core/Src/stm32f7xx_it.c **** void BusFault_Handler(void)
 122:Core/Src/stm32f7xx_it.c **** {
  98              		.loc 1 122 1 view -0
  99              		.cfi_startproc
 100              		@ Volatile: function does not return.
 101              		@ args = 0, pretend = 0, frame = 0
 102              		@ frame_needed = 0, uses_anonymous_args = 0
 103              		@ link register save eliminated.
 104              	.L8:
 123:Core/Src/stm32f7xx_it.c ****   /* USER CODE BEGIN BusFault_IRQn 0 */
 124:Core/Src/stm32f7xx_it.c **** 
 125:Core/Src/stm32f7xx_it.c ****   /* USER CODE END BusFault_IRQn 0 */
 126:Core/Src/stm32f7xx_it.c ****   while (1)
 105              		.loc 1 126 3 discriminator 1 view .LVU13
 127:Core/Src/stm32f7xx_it.c ****   {
ARM GAS  C:\Users\benny\AppData\Local\Temp\ccgrYJTS.s 			page 5


 128:Core/Src/stm32f7xx_it.c ****     /* USER CODE BEGIN W1_BusFault_IRQn 0 */
 129:Core/Src/stm32f7xx_it.c ****     /* USER CODE END W1_BusFault_IRQn 0 */
 130:Core/Src/stm32f7xx_it.c ****   }
 106              		.loc 1 130 3 discriminator 1 view .LVU14
 126:Core/Src/stm32f7xx_it.c ****   {
 107              		.loc 1 126 9 discriminator 1 view .LVU15
 108 0000 FEE7     		b	.L8
 109              		.cfi_endproc
 110              	.LFE144:
 112              		.section	.text.UsageFault_Handler,"ax",%progbits
 113              		.align	1
 114              		.global	UsageFault_Handler
 115              		.syntax unified
 116              		.thumb
 117              		.thumb_func
 119              	UsageFault_Handler:
 120              	.LFB145:
 131:Core/Src/stm32f7xx_it.c **** }
 132:Core/Src/stm32f7xx_it.c **** 
 133:Core/Src/stm32f7xx_it.c **** /**
 134:Core/Src/stm32f7xx_it.c ****   * @brief This function handles Undefined instruction or illegal state.
 135:Core/Src/stm32f7xx_it.c ****   */
 136:Core/Src/stm32f7xx_it.c **** void UsageFault_Handler(void)
 137:Core/Src/stm32f7xx_it.c **** {
 121              		.loc 1 137 1 view -0
 122              		.cfi_startproc
 123              		@ Volatile: function does not return.
 124              		@ args = 0, pretend = 0, frame = 0
 125              		@ frame_needed = 0, uses_anonymous_args = 0
 126              		@ link register save eliminated.
 127              	.L10:
 138:Core/Src/stm32f7xx_it.c ****   /* USER CODE BEGIN UsageFault_IRQn 0 */
 139:Core/Src/stm32f7xx_it.c **** 
 140:Core/Src/stm32f7xx_it.c ****   /* USER CODE END UsageFault_IRQn 0 */
 141:Core/Src/stm32f7xx_it.c ****   while (1)
 128              		.loc 1 141 3 discriminator 1 view .LVU17
 142:Core/Src/stm32f7xx_it.c ****   {
 143:Core/Src/stm32f7xx_it.c ****     /* USER CODE BEGIN W1_UsageFault_IRQn 0 */
 144:Core/Src/stm32f7xx_it.c ****     /* USER CODE END W1_UsageFault_IRQn 0 */
 145:Core/Src/stm32f7xx_it.c ****   }
 129              		.loc 1 145 3 discriminator 1 view .LVU18
 141:Core/Src/stm32f7xx_it.c ****   {
 130              		.loc 1 141 9 discriminator 1 view .LVU19
 131 0000 FEE7     		b	.L10
 132              		.cfi_endproc
 133              	.LFE145:
 135              		.section	.text.SVC_Handler,"ax",%progbits
 136              		.align	1
 137              		.global	SVC_Handler
 138              		.syntax unified
 139              		.thumb
 140              		.thumb_func
 142              	SVC_Handler:
 143              	.LFB146:
 146:Core/Src/stm32f7xx_it.c **** }
 147:Core/Src/stm32f7xx_it.c **** 
 148:Core/Src/stm32f7xx_it.c **** /**
ARM GAS  C:\Users\benny\AppData\Local\Temp\ccgrYJTS.s 			page 6


 149:Core/Src/stm32f7xx_it.c ****   * @brief This function handles System service call via SWI instruction.
 150:Core/Src/stm32f7xx_it.c ****   */
 151:Core/Src/stm32f7xx_it.c **** void SVC_Handler(void)
 152:Core/Src/stm32f7xx_it.c **** {
 144              		.loc 1 152 1 view -0
 145              		.cfi_startproc
 146              		@ args = 0, pretend = 0, frame = 0
 147              		@ frame_needed = 0, uses_anonymous_args = 0
 148              		@ link register save eliminated.
 153:Core/Src/stm32f7xx_it.c ****   /* USER CODE BEGIN SVCall_IRQn 0 */
 154:Core/Src/stm32f7xx_it.c **** 
 155:Core/Src/stm32f7xx_it.c ****   /* USER CODE END SVCall_IRQn 0 */
 156:Core/Src/stm32f7xx_it.c ****   /* USER CODE BEGIN SVCall_IRQn 1 */
 157:Core/Src/stm32f7xx_it.c **** 
 158:Core/Src/stm32f7xx_it.c ****   /* USER CODE END SVCall_IRQn 1 */
 159:Core/Src/stm32f7xx_it.c **** }
 149              		.loc 1 159 1 view .LVU21
 150 0000 7047     		bx	lr
 151              		.cfi_endproc
 152              	.LFE146:
 154              		.section	.text.DebugMon_Handler,"ax",%progbits
 155              		.align	1
 156              		.global	DebugMon_Handler
 157              		.syntax unified
 158              		.thumb
 159              		.thumb_func
 161              	DebugMon_Handler:
 162              	.LFB147:
 160:Core/Src/stm32f7xx_it.c **** 
 161:Core/Src/stm32f7xx_it.c **** /**
 162:Core/Src/stm32f7xx_it.c ****   * @brief This function handles Debug monitor.
 163:Core/Src/stm32f7xx_it.c ****   */
 164:Core/Src/stm32f7xx_it.c **** void DebugMon_Handler(void)
 165:Core/Src/stm32f7xx_it.c **** {
 163              		.loc 1 165 1 view -0
 164              		.cfi_startproc
 165              		@ args = 0, pretend = 0, frame = 0
 166              		@ frame_needed = 0, uses_anonymous_args = 0
 167              		@ link register save eliminated.
 166:Core/Src/stm32f7xx_it.c ****   /* USER CODE BEGIN DebugMonitor_IRQn 0 */
 167:Core/Src/stm32f7xx_it.c **** 
 168:Core/Src/stm32f7xx_it.c ****   /* USER CODE END DebugMonitor_IRQn 0 */
 169:Core/Src/stm32f7xx_it.c ****   /* USER CODE BEGIN DebugMonitor_IRQn 1 */
 170:Core/Src/stm32f7xx_it.c **** 
 171:Core/Src/stm32f7xx_it.c ****   /* USER CODE END DebugMonitor_IRQn 1 */
 172:Core/Src/stm32f7xx_it.c **** }
 168              		.loc 1 172 1 view .LVU23
 169 0000 7047     		bx	lr
 170              		.cfi_endproc
 171              	.LFE147:
 173              		.section	.text.PendSV_Handler,"ax",%progbits
 174              		.align	1
 175              		.global	PendSV_Handler
 176              		.syntax unified
 177              		.thumb
 178              		.thumb_func
 180              	PendSV_Handler:
ARM GAS  C:\Users\benny\AppData\Local\Temp\ccgrYJTS.s 			page 7


 181              	.LFB148:
 173:Core/Src/stm32f7xx_it.c **** 
 174:Core/Src/stm32f7xx_it.c **** /**
 175:Core/Src/stm32f7xx_it.c ****   * @brief This function handles Pendable request for system service.
 176:Core/Src/stm32f7xx_it.c ****   */
 177:Core/Src/stm32f7xx_it.c **** void PendSV_Handler(void)
 178:Core/Src/stm32f7xx_it.c **** {
 182              		.loc 1 178 1 view -0
 183              		.cfi_startproc
 184              		@ args = 0, pretend = 0, frame = 0
 185              		@ frame_needed = 0, uses_anonymous_args = 0
 186              		@ link register save eliminated.
 179:Core/Src/stm32f7xx_it.c ****   /* USER CODE BEGIN PendSV_IRQn 0 */
 180:Core/Src/stm32f7xx_it.c **** 
 181:Core/Src/stm32f7xx_it.c ****   /* USER CODE END PendSV_IRQn 0 */
 182:Core/Src/stm32f7xx_it.c ****   /* USER CODE BEGIN PendSV_IRQn 1 */
 183:Core/Src/stm32f7xx_it.c **** 
 184:Core/Src/stm32f7xx_it.c ****   /* USER CODE END PendSV_IRQn 1 */
 185:Core/Src/stm32f7xx_it.c **** }
 187              		.loc 1 185 1 view .LVU25
 188 0000 7047     		bx	lr
 189              		.cfi_endproc
 190              	.LFE148:
 192              		.section	.text.SysTick_Handler,"ax",%progbits
 193              		.align	1
 194              		.global	SysTick_Handler
 195              		.syntax unified
 196              		.thumb
 197              		.thumb_func
 199              	SysTick_Handler:
 200              	.LFB149:
 186:Core/Src/stm32f7xx_it.c **** 
 187:Core/Src/stm32f7xx_it.c **** /**
 188:Core/Src/stm32f7xx_it.c ****   * @brief This function handles System tick timer.
 189:Core/Src/stm32f7xx_it.c ****   */
 190:Core/Src/stm32f7xx_it.c **** void SysTick_Handler(void)
 191:Core/Src/stm32f7xx_it.c **** {
 201              		.loc 1 191 1 view -0
 202              		.cfi_startproc
 203              		@ args = 0, pretend = 0, frame = 0
 204              		@ frame_needed = 0, uses_anonymous_args = 0
 205              		@ link register save eliminated.
 192:Core/Src/stm32f7xx_it.c ****   /* USER CODE BEGIN SysTick_IRQn 0 */
 193:Core/Src/stm32f7xx_it.c **** 
 194:Core/Src/stm32f7xx_it.c ****   /* USER CODE END SysTick_IRQn 0 */
 195:Core/Src/stm32f7xx_it.c **** 
 196:Core/Src/stm32f7xx_it.c ****   /* USER CODE BEGIN SysTick_IRQn 1 */
 197:Core/Src/stm32f7xx_it.c **** 
 198:Core/Src/stm32f7xx_it.c ****   /* USER CODE END SysTick_IRQn 1 */
 199:Core/Src/stm32f7xx_it.c **** }
 206              		.loc 1 199 1 view .LVU27
 207 0000 7047     		bx	lr
 208              		.cfi_endproc
 209              	.LFE149:
 211              		.section	.text.ADC_IRQHandler,"ax",%progbits
 212              		.align	1
 213              		.global	ADC_IRQHandler
ARM GAS  C:\Users\benny\AppData\Local\Temp\ccgrYJTS.s 			page 8


 214              		.syntax unified
 215              		.thumb
 216              		.thumb_func
 218              	ADC_IRQHandler:
 219              	.LFB150:
 200:Core/Src/stm32f7xx_it.c **** 
 201:Core/Src/stm32f7xx_it.c **** /******************************************************************************/
 202:Core/Src/stm32f7xx_it.c **** /* STM32F7xx Peripheral Interrupt Handlers                                    */
 203:Core/Src/stm32f7xx_it.c **** /* Add here the Interrupt Handlers for the used peripherals.                  */
 204:Core/Src/stm32f7xx_it.c **** /* For the available peripheral interrupt handler names,                      */
 205:Core/Src/stm32f7xx_it.c **** /* please refer to the startup file (startup_stm32f7xx.s).                    */
 206:Core/Src/stm32f7xx_it.c **** /******************************************************************************/
 207:Core/Src/stm32f7xx_it.c **** 
 208:Core/Src/stm32f7xx_it.c **** /**
 209:Core/Src/stm32f7xx_it.c ****   * @brief This function handles ADC1, ADC2 and ADC3 global interrupts.
 210:Core/Src/stm32f7xx_it.c ****   */
 211:Core/Src/stm32f7xx_it.c **** void ADC_IRQHandler(void)
 212:Core/Src/stm32f7xx_it.c **** {
 220              		.loc 1 212 1 view -0
 221              		.cfi_startproc
 222              		@ args = 0, pretend = 0, frame = 0
 223              		@ frame_needed = 0, uses_anonymous_args = 0
 224 0000 08B5     		push	{r3, lr}
 225              	.LCFI0:
 226              		.cfi_def_cfa_offset 8
 227              		.cfi_offset 3, -8
 228              		.cfi_offset 14, -4
 213:Core/Src/stm32f7xx_it.c ****   /* USER CODE BEGIN ADC_IRQn 0 */
 214:Core/Src/stm32f7xx_it.c **** 
 215:Core/Src/stm32f7xx_it.c ****   /* USER CODE END ADC_IRQn 0 */
 216:Core/Src/stm32f7xx_it.c ****   HAL_ADC_IRQHandler(&hadc1);
 229              		.loc 1 216 3 view .LVU29
 230 0002 0548     		ldr	r0, .L17
 231 0004 FFF7FEFF 		bl	HAL_ADC_IRQHandler
 232              	.LVL0:
 217:Core/Src/stm32f7xx_it.c ****   HAL_ADC_IRQHandler(&hadc2);
 233              		.loc 1 217 3 view .LVU30
 234 0008 0448     		ldr	r0, .L17+4
 235 000a FFF7FEFF 		bl	HAL_ADC_IRQHandler
 236              	.LVL1:
 218:Core/Src/stm32f7xx_it.c ****   HAL_ADC_IRQHandler(&hadc3);
 237              		.loc 1 218 3 view .LVU31
 238 000e 0448     		ldr	r0, .L17+8
 239 0010 FFF7FEFF 		bl	HAL_ADC_IRQHandler
 240              	.LVL2:
 219:Core/Src/stm32f7xx_it.c ****   /* USER CODE BEGIN ADC_IRQn 1 */
 220:Core/Src/stm32f7xx_it.c **** 
 221:Core/Src/stm32f7xx_it.c ****   /* USER CODE END ADC_IRQn 1 */
 222:Core/Src/stm32f7xx_it.c **** }
 241              		.loc 1 222 1 is_stmt 0 view .LVU32
 242 0014 08BD     		pop	{r3, pc}
 243              	.L18:
 244 0016 00BF     		.align	2
 245              	.L17:
 246 0018 00000000 		.word	hadc1
 247 001c 00000000 		.word	hadc2
 248 0020 00000000 		.word	hadc3
ARM GAS  C:\Users\benny\AppData\Local\Temp\ccgrYJTS.s 			page 9


 249              		.cfi_endproc
 250              	.LFE150:
 252              		.section	.text.TIM1_UP_TIM10_IRQHandler,"ax",%progbits
 253              		.align	1
 254              		.global	TIM1_UP_TIM10_IRQHandler
 255              		.syntax unified
 256              		.thumb
 257              		.thumb_func
 259              	TIM1_UP_TIM10_IRQHandler:
 260              	.LFB151:
 223:Core/Src/stm32f7xx_it.c **** 
 224:Core/Src/stm32f7xx_it.c **** /**
 225:Core/Src/stm32f7xx_it.c ****   * @brief This function handles TIM1 update interrupt and TIM10 global interrupt.
 226:Core/Src/stm32f7xx_it.c ****   */
 227:Core/Src/stm32f7xx_it.c **** void TIM1_UP_TIM10_IRQHandler(void)
 228:Core/Src/stm32f7xx_it.c **** {
 261              		.loc 1 228 1 is_stmt 1 view -0
 262              		.cfi_startproc
 263              		@ args = 0, pretend = 0, frame = 0
 264              		@ frame_needed = 0, uses_anonymous_args = 0
 265 0000 08B5     		push	{r3, lr}
 266              	.LCFI1:
 267              		.cfi_def_cfa_offset 8
 268              		.cfi_offset 3, -8
 269              		.cfi_offset 14, -4
 229:Core/Src/stm32f7xx_it.c ****   /* USER CODE BEGIN TIM1_UP_TIM10_IRQn 0 */
 230:Core/Src/stm32f7xx_it.c **** 
 231:Core/Src/stm32f7xx_it.c ****   /* USER CODE END TIM1_UP_TIM10_IRQn 0 */
 232:Core/Src/stm32f7xx_it.c ****   HAL_TIM_IRQHandler(&htim1);
 270              		.loc 1 232 3 view .LVU34
 271 0002 0248     		ldr	r0, .L21
 272 0004 FFF7FEFF 		bl	HAL_TIM_IRQHandler
 273              	.LVL3:
 233:Core/Src/stm32f7xx_it.c ****   /* USER CODE BEGIN TIM1_UP_TIM10_IRQn 1 */
 234:Core/Src/stm32f7xx_it.c **** 
 235:Core/Src/stm32f7xx_it.c ****   /* USER CODE END TIM1_UP_TIM10_IRQn 1 */
 236:Core/Src/stm32f7xx_it.c **** }
 274              		.loc 1 236 1 is_stmt 0 view .LVU35
 275 0008 08BD     		pop	{r3, pc}
 276              	.L22:
 277 000a 00BF     		.align	2
 278              	.L21:
 279 000c 00000000 		.word	htim1
 280              		.cfi_endproc
 281              	.LFE151:
 283              		.section	.text.TIM5_IRQHandler,"ax",%progbits
 284              		.align	1
 285              		.global	TIM5_IRQHandler
 286              		.syntax unified
 287              		.thumb
 288              		.thumb_func
 290              	TIM5_IRQHandler:
 291              	.LFB152:
 237:Core/Src/stm32f7xx_it.c **** 
 238:Core/Src/stm32f7xx_it.c **** /**
 239:Core/Src/stm32f7xx_it.c ****   * @brief This function handles TIM5 global interrupt.
 240:Core/Src/stm32f7xx_it.c ****   */
ARM GAS  C:\Users\benny\AppData\Local\Temp\ccgrYJTS.s 			page 10


 241:Core/Src/stm32f7xx_it.c **** void TIM5_IRQHandler(void)
 242:Core/Src/stm32f7xx_it.c **** {
 292              		.loc 1 242 1 is_stmt 1 view -0
 293              		.cfi_startproc
 294              		@ args = 0, pretend = 0, frame = 0
 295              		@ frame_needed = 0, uses_anonymous_args = 0
 296 0000 08B5     		push	{r3, lr}
 297              	.LCFI2:
 298              		.cfi_def_cfa_offset 8
 299              		.cfi_offset 3, -8
 300              		.cfi_offset 14, -4
 243:Core/Src/stm32f7xx_it.c ****   /* USER CODE BEGIN TIM5_IRQn 0 */
 244:Core/Src/stm32f7xx_it.c **** 
 245:Core/Src/stm32f7xx_it.c ****   /* USER CODE END TIM5_IRQn 0 */
 246:Core/Src/stm32f7xx_it.c ****   HAL_TIM_IRQHandler(&htim5);
 301              		.loc 1 246 3 view .LVU37
 302 0002 0248     		ldr	r0, .L25
 303 0004 FFF7FEFF 		bl	HAL_TIM_IRQHandler
 304              	.LVL4:
 247:Core/Src/stm32f7xx_it.c ****   /* USER CODE BEGIN TIM5_IRQn 1 */
 248:Core/Src/stm32f7xx_it.c **** 
 249:Core/Src/stm32f7xx_it.c ****   /* USER CODE END TIM5_IRQn 1 */
 250:Core/Src/stm32f7xx_it.c **** }
 305              		.loc 1 250 1 is_stmt 0 view .LVU38
 306 0008 08BD     		pop	{r3, pc}
 307              	.L26:
 308 000a 00BF     		.align	2
 309              	.L25:
 310 000c 00000000 		.word	htim5
 311              		.cfi_endproc
 312              	.LFE152:
 314              		.section	.text.OTG_FS_IRQHandler,"ax",%progbits
 315              		.align	1
 316              		.global	OTG_FS_IRQHandler
 317              		.syntax unified
 318              		.thumb
 319              		.thumb_func
 321              	OTG_FS_IRQHandler:
 322              	.LFB153:
 251:Core/Src/stm32f7xx_it.c **** 
 252:Core/Src/stm32f7xx_it.c **** /**
 253:Core/Src/stm32f7xx_it.c ****   * @brief This function handles USB On The Go FS global interrupt.
 254:Core/Src/stm32f7xx_it.c ****   */
 255:Core/Src/stm32f7xx_it.c **** void OTG_FS_IRQHandler(void)
 256:Core/Src/stm32f7xx_it.c **** {
 323              		.loc 1 256 1 is_stmt 1 view -0
 324              		.cfi_startproc
 325              		@ args = 0, pretend = 0, frame = 0
 326              		@ frame_needed = 0, uses_anonymous_args = 0
 327 0000 08B5     		push	{r3, lr}
 328              	.LCFI3:
 329              		.cfi_def_cfa_offset 8
 330              		.cfi_offset 3, -8
 331              		.cfi_offset 14, -4
 257:Core/Src/stm32f7xx_it.c ****   /* USER CODE BEGIN OTG_FS_IRQn 0 */
 258:Core/Src/stm32f7xx_it.c **** 
 259:Core/Src/stm32f7xx_it.c ****   /* USER CODE END OTG_FS_IRQn 0 */
ARM GAS  C:\Users\benny\AppData\Local\Temp\ccgrYJTS.s 			page 11


 260:Core/Src/stm32f7xx_it.c ****   HAL_HCD_IRQHandler(&hhcd_USB_OTG_FS);
 332              		.loc 1 260 3 view .LVU40
 333 0002 0248     		ldr	r0, .L29
 334 0004 FFF7FEFF 		bl	HAL_HCD_IRQHandler
 335              	.LVL5:
 261:Core/Src/stm32f7xx_it.c ****   /* USER CODE BEGIN OTG_FS_IRQn 1 */
 262:Core/Src/stm32f7xx_it.c **** 
 263:Core/Src/stm32f7xx_it.c ****   /* USER CODE END OTG_FS_IRQn 1 */
 264:Core/Src/stm32f7xx_it.c **** }
 336              		.loc 1 264 1 is_stmt 0 view .LVU41
 337 0008 08BD     		pop	{r3, pc}
 338              	.L30:
 339 000a 00BF     		.align	2
 340              	.L29:
 341 000c 00000000 		.word	hhcd_USB_OTG_FS
 342              		.cfi_endproc
 343              	.LFE153:
 345              		.section	.text.OTG_HS_IRQHandler,"ax",%progbits
 346              		.align	1
 347              		.global	OTG_HS_IRQHandler
 348              		.syntax unified
 349              		.thumb
 350              		.thumb_func
 352              	OTG_HS_IRQHandler:
 353              	.LFB154:
 265:Core/Src/stm32f7xx_it.c **** 
 266:Core/Src/stm32f7xx_it.c **** /**
 267:Core/Src/stm32f7xx_it.c ****   * @brief This function handles USB On The Go HS global interrupt.
 268:Core/Src/stm32f7xx_it.c ****   */
 269:Core/Src/stm32f7xx_it.c **** void OTG_HS_IRQHandler(void)
 270:Core/Src/stm32f7xx_it.c **** {
 354              		.loc 1 270 1 is_stmt 1 view -0
 355              		.cfi_startproc
 356              		@ args = 0, pretend = 0, frame = 0
 357              		@ frame_needed = 0, uses_anonymous_args = 0
 358 0000 08B5     		push	{r3, lr}
 359              	.LCFI4:
 360              		.cfi_def_cfa_offset 8
 361              		.cfi_offset 3, -8
 362              		.cfi_offset 14, -4
 271:Core/Src/stm32f7xx_it.c ****   /* USER CODE BEGIN OTG_HS_IRQn 0 */
 272:Core/Src/stm32f7xx_it.c **** 
 273:Core/Src/stm32f7xx_it.c ****   /* USER CODE END OTG_HS_IRQn 0 */
 274:Core/Src/stm32f7xx_it.c ****   HAL_HCD_IRQHandler(&hhcd_USB_OTG_HS);
 363              		.loc 1 274 3 view .LVU43
 364 0002 0248     		ldr	r0, .L33
 365 0004 FFF7FEFF 		bl	HAL_HCD_IRQHandler
 366              	.LVL6:
 275:Core/Src/stm32f7xx_it.c ****   /* USER CODE BEGIN OTG_HS_IRQn 1 */
 276:Core/Src/stm32f7xx_it.c **** 
 277:Core/Src/stm32f7xx_it.c ****   /* USER CODE END OTG_HS_IRQn 1 */
 278:Core/Src/stm32f7xx_it.c **** }
 367              		.loc 1 278 1 is_stmt 0 view .LVU44
 368 0008 08BD     		pop	{r3, pc}
 369              	.L34:
 370 000a 00BF     		.align	2
 371              	.L33:
ARM GAS  C:\Users\benny\AppData\Local\Temp\ccgrYJTS.s 			page 12


 372 000c 00000000 		.word	hhcd_USB_OTG_HS
 373              		.cfi_endproc
 374              	.LFE154:
 376              		.text
 377              	.Letext0:
 378              		.file 2 "C:\\ST\\STM32CubeCLT_1.17.0\\GNU-tools-for-STM32\\bin/../lib/gcc/arm-none-eabi/12.3.1/../
 379              		.file 3 "C:\\ST\\STM32CubeCLT_1.17.0\\GNU-tools-for-STM32\\bin/../lib/gcc/arm-none-eabi/12.3.1/../
 380              		.file 4 "Drivers/CMSIS/Device/ST/STM32F7xx/Include/stm32f723xx.h"
 381              		.file 5 "Drivers/CMSIS/Device/ST/STM32F7xx/Include/stm32f7xx.h"
 382              		.file 6 "Drivers/STM32F7xx_HAL_Driver/Inc/stm32f7xx_hal_def.h"
 383              		.file 7 "Drivers/STM32F7xx_HAL_Driver/Inc/stm32f7xx_hal_dma.h"
 384              		.file 8 "Drivers/STM32F7xx_HAL_Driver/Inc/stm32f7xx_hal_adc.h"
 385              		.file 9 "Drivers/STM32F7xx_HAL_Driver/Inc/stm32f7xx_hal_tim.h"
 386              		.file 10 "Drivers/STM32F7xx_HAL_Driver/Inc/stm32f7xx_ll_usb.h"
 387              		.file 11 "Drivers/STM32F7xx_HAL_Driver/Inc/stm32f7xx_hal_hcd.h"
ARM GAS  C:\Users\benny\AppData\Local\Temp\ccgrYJTS.s 			page 13


DEFINED SYMBOLS
                            *ABS*:00000000 stm32f7xx_it.c
C:\Users\benny\AppData\Local\Temp\ccgrYJTS.s:21     .text.NMI_Handler:00000000 $t
C:\Users\benny\AppData\Local\Temp\ccgrYJTS.s:27     .text.NMI_Handler:00000000 NMI_Handler
C:\Users\benny\AppData\Local\Temp\ccgrYJTS.s:44     .text.HardFault_Handler:00000000 $t
C:\Users\benny\AppData\Local\Temp\ccgrYJTS.s:50     .text.HardFault_Handler:00000000 HardFault_Handler
C:\Users\benny\AppData\Local\Temp\ccgrYJTS.s:67     .text.MemManage_Handler:00000000 $t
C:\Users\benny\AppData\Local\Temp\ccgrYJTS.s:73     .text.MemManage_Handler:00000000 MemManage_Handler
C:\Users\benny\AppData\Local\Temp\ccgrYJTS.s:90     .text.BusFault_Handler:00000000 $t
C:\Users\benny\AppData\Local\Temp\ccgrYJTS.s:96     .text.BusFault_Handler:00000000 BusFault_Handler
C:\Users\benny\AppData\Local\Temp\ccgrYJTS.s:113    .text.UsageFault_Handler:00000000 $t
C:\Users\benny\AppData\Local\Temp\ccgrYJTS.s:119    .text.UsageFault_Handler:00000000 UsageFault_Handler
C:\Users\benny\AppData\Local\Temp\ccgrYJTS.s:136    .text.SVC_Handler:00000000 $t
C:\Users\benny\AppData\Local\Temp\ccgrYJTS.s:142    .text.SVC_Handler:00000000 SVC_Handler
C:\Users\benny\AppData\Local\Temp\ccgrYJTS.s:155    .text.DebugMon_Handler:00000000 $t
C:\Users\benny\AppData\Local\Temp\ccgrYJTS.s:161    .text.DebugMon_Handler:00000000 DebugMon_Handler
C:\Users\benny\AppData\Local\Temp\ccgrYJTS.s:174    .text.PendSV_Handler:00000000 $t
C:\Users\benny\AppData\Local\Temp\ccgrYJTS.s:180    .text.PendSV_Handler:00000000 PendSV_Handler
C:\Users\benny\AppData\Local\Temp\ccgrYJTS.s:193    .text.SysTick_Handler:00000000 $t
C:\Users\benny\AppData\Local\Temp\ccgrYJTS.s:199    .text.SysTick_Handler:00000000 SysTick_Handler
C:\Users\benny\AppData\Local\Temp\ccgrYJTS.s:212    .text.ADC_IRQHandler:00000000 $t
C:\Users\benny\AppData\Local\Temp\ccgrYJTS.s:218    .text.ADC_IRQHandler:00000000 ADC_IRQHandler
C:\Users\benny\AppData\Local\Temp\ccgrYJTS.s:246    .text.ADC_IRQHandler:00000018 $d
C:\Users\benny\AppData\Local\Temp\ccgrYJTS.s:253    .text.TIM1_UP_TIM10_IRQHandler:00000000 $t
C:\Users\benny\AppData\Local\Temp\ccgrYJTS.s:259    .text.TIM1_UP_TIM10_IRQHandler:00000000 TIM1_UP_TIM10_IRQHandler
C:\Users\benny\AppData\Local\Temp\ccgrYJTS.s:279    .text.TIM1_UP_TIM10_IRQHandler:0000000c $d
C:\Users\benny\AppData\Local\Temp\ccgrYJTS.s:284    .text.TIM5_IRQHandler:00000000 $t
C:\Users\benny\AppData\Local\Temp\ccgrYJTS.s:290    .text.TIM5_IRQHandler:00000000 TIM5_IRQHandler
C:\Users\benny\AppData\Local\Temp\ccgrYJTS.s:310    .text.TIM5_IRQHandler:0000000c $d
C:\Users\benny\AppData\Local\Temp\ccgrYJTS.s:315    .text.OTG_FS_IRQHandler:00000000 $t
C:\Users\benny\AppData\Local\Temp\ccgrYJTS.s:321    .text.OTG_FS_IRQHandler:00000000 OTG_FS_IRQHandler
C:\Users\benny\AppData\Local\Temp\ccgrYJTS.s:341    .text.OTG_FS_IRQHandler:0000000c $d
C:\Users\benny\AppData\Local\Temp\ccgrYJTS.s:346    .text.OTG_HS_IRQHandler:00000000 $t
C:\Users\benny\AppData\Local\Temp\ccgrYJTS.s:352    .text.OTG_HS_IRQHandler:00000000 OTG_HS_IRQHandler
C:\Users\benny\AppData\Local\Temp\ccgrYJTS.s:372    .text.OTG_HS_IRQHandler:0000000c $d

UNDEFINED SYMBOLS
HAL_ADC_IRQHandler
hadc1
hadc2
hadc3
HAL_TIM_IRQHandler
htim1
htim5
HAL_HCD_IRQHandler
hhcd_USB_OTG_FS
hhcd_USB_OTG_HS
