ARM GAS  C:\Users\benny\AppData\Local\Temp\ccMpFgbU.s 			page 1


   1              		.cpu cortex-m7
   2              		.arch armv7e-m
   3              		.fpu fpv5-sp-d16
   4              		.eabi_attribute 27, 1
   5              		.eabi_attribute 28, 1
   6              		.eabi_attribute 20, 1
   7              		.eabi_attribute 21, 1
   8              		.eabi_attribute 23, 3
   9              		.eabi_attribute 24, 1
  10              		.eabi_attribute 25, 1
  11              		.eabi_attribute 26, 1
  12              		.eabi_attribute 30, 1
  13              		.eabi_attribute 34, 1
  14              		.eabi_attribute 18, 4
  15              		.file	"utility.c"
  16              		.text
  17              	.Ltext0:
  18              		.cfi_sections	.debug_frame
  19              		.file 1 "Core/Src/utility.c"
  20              		.section	.text.clip,"ax",%progbits
  21              		.align	1
  22              		.global	clip
  23              		.syntax unified
  24              		.thumb
  25              		.thumb_func
  27              	clip:
  28              	.LVL0:
  29              	.LFB0:
   1:Core/Src/utility.c **** #include "utility.h"
   2:Core/Src/utility.c **** 
   3:Core/Src/utility.c **** float clip(float val, float min, float max){
  30              		.loc 1 3 44 view -0
  31              		.cfi_startproc
  32              		@ args = 0, pretend = 0, frame = 0
  33              		@ frame_needed = 0, uses_anonymous_args = 0
  34              		@ link register save eliminated.
   4:Core/Src/utility.c ****     if (val < min) return min;
  35              		.loc 1 4 5 view .LVU1
  36              		.loc 1 4 8 is_stmt 0 view .LVU2
  37 0000 B4EEE00A 		vcmpe.f32	s0, s1
  38 0004 F1EE10FA 		vmrs	APSR_nzcv, FPSCR
  39 0008 05D4     		bmi	.L3
   5:Core/Src/utility.c ****     if (val > max) return max; 
  40              		.loc 1 5 5 is_stmt 1 view .LVU3
  41              		.loc 1 5 8 is_stmt 0 view .LVU4
  42 000a B4EEC10A 		vcmpe.f32	s0, s2
  43 000e F1EE10FA 		vmrs	APSR_nzcv, FPSCR
  44 0012 03DC     		bgt	.L4
  45 0014 7047     		bx	lr
  46              	.L3:
   4:Core/Src/utility.c ****     if (val < min) return min;
  47              		.loc 1 4 27 view .LVU5
  48 0016 B0EE600A 		vmov.f32	s0, s1
  49              	.LVL1:
   4:Core/Src/utility.c ****     if (val < min) return min;
  50              		.loc 1 4 27 view .LVU6
  51 001a 7047     		bx	lr
ARM GAS  C:\Users\benny\AppData\Local\Temp\ccMpFgbU.s 			page 2


  52              	.LVL2:
  53              	.L4:
  54              		.loc 1 5 27 view .LVU7
  55 001c B0EE410A 		vmov.f32	s0, s2
  56              	.LVL3:
   6:Core/Src/utility.c ****     return val;
   7:Core/Src/utility.c **** }...
  57              		.loc 1 7 1 view .LVU8
  58 0020 7047     		bx	lr
  59              		.cfi_endproc
  60              	.LFE0:
  62              		.text
  63              	.Letext0:
ARM GAS  C:\Users\benny\AppData\Local\Temp\ccMpFgbU.s 			page 3


DEFINED SYMBOLS
                            *ABS*:00000000 utility.c
C:\Users\benny\AppData\Local\Temp\ccMpFgbU.s:21     .text.clip:00000000 $t
C:\Users\benny\AppData\Local\Temp\ccMpFgbU.s:27     .text.clip:00000000 clip

NO UNDEFINED SYMBOLS
